c:\users\jaebumlee\documents\visual studio 2015\projects\wordsmart\wordsmart\x64\debug\vc140.pdb
c:\users\jaebumlee\documents\visual studio 2015\projects\wordsmart\wordsmart\x64\debug\wordsmart.obj
c:\users\jaebumlee\documents\visual studio 2015\projects\wordsmart\wordsmart\x64\debug\main.obj
c:\users\jaebumlee\documents\visual studio 2015\projects\wordsmart\wordsmart\x64\debug\moc_wordsmart.obj
c:\users\jaebumlee\documents\visual studio 2015\projects\wordsmart\wordsmart\x64\debug\qrc_wordsmart.obj
c:\users\jaebumlee\source\repos\wordsmart\wordsmart\wordsmart\x64\debug\vc140.pdb
c:\users\jaebumlee\source\repos\wordsmart\wordsmart\wordsmart\x64\debug\wordsmart.obj
c:\users\jaebumlee\source\repos\wordsmart\wordsmart\wordsmart\x64\debug\main.obj
c:\users\jaebumlee\source\repos\wordsmart\wordsmart\wordsmart\x64\debug\moc_wordsmart.obj
c:\users\jaebumlee\source\repos\wordsmart\wordsmart\wordsmart\x64\debug\moc_words.obj
c:\users\jaebumlee\source\repos\wordsmart\wordsmart\wordsmart\x64\debug\moc_def_notify.obj
c:\users\jaebumlee\source\repos\wordsmart\wordsmart\wordsmart\x64\debug\def_notify.obj
c:\users\jaebumlee\source\repos\wordsmart\wordsmart\wordsmart\x64\debug\qrc_wordsmart.obj
c:\users\jaebumlee\documents\visual studio 2015\projects\wordsmart\wordsmart\generatedfiles\ui_wordsmart.h
c:\users\jaebumlee\documents\visual studio 2015\projects\wordsmart\wordsmart\generatedfiles\qrc_wordsmart.cpp
c:\users\jaebumlee\documents\visual studio 2015\projects\wordsmart\wordsmart\generatedfiles\debug\moc_wordsmart.cpp
c:\users\jaebumlee\source\repos\wordsmart\wordsmart\wordsmart\generatedfiles\qrc_wordsmart.cpp
c:\users\jaebumlee\source\repos\wordsmart\wordsmart\wordsmart\generatedfiles\ui_def_notify.h
c:\users\jaebumlee\source\repos\wordsmart\wordsmart\wordsmart\generatedfiles\ui_wordsmart.h
c:\users\jaebumlee\source\repos\wordsmart\wordsmart\wordsmart\generatedfiles\debug\moc_wordsmart.cpp
c:\users\jaebumlee\source\repos\wordsmart\wordsmart\wordsmart\generatedfiles\debug\moc_def_notify.cpp
c:\users\jaebumlee\source\repos\wordsmart\wordsmart\wordsmart\generatedfiles\debug\moc_words.cpp
c:\users\jaebumlee\documents\visual studio 2015\projects\wordsmart\x64\debug\wordsmart.ilk
c:\users\jaebumlee\documents\visual studio 2015\projects\wordsmart\x64\debug\wordsmart.exe
c:\users\jaebumlee\documents\visual studio 2015\projects\wordsmart\x64\debug\wordsmart.pdb
c:\users\jaebumlee\source\repos\wordsmart\wordsmart\x64\debug\wordsmart.pdb
c:\users\jaebumlee\source\repos\wordsmart\wordsmart\wordsmart\x64\debug\wordsmart.tlog\cl.command.1.tlog
c:\users\jaebumlee\source\repos\wordsmart\wordsmart\wordsmart\x64\debug\wordsmart.tlog\cl.read.1.tlog
c:\users\jaebumlee\source\repos\wordsmart\wordsmart\wordsmart\x64\debug\wordsmart.tlog\cl.write.1.tlog
c:\users\jaebumlee\source\repos\wordsmart\wordsmart\wordsmart\x64\debug\wordsmart.tlog\custombuild.command.1.tlog
c:\users\jaebumlee\source\repos\wordsmart\wordsmart\wordsmart\x64\debug\wordsmart.tlog\custombuild.read.1.tlog
c:\users\jaebumlee\source\repos\wordsmart\wordsmart\wordsmart\x64\debug\wordsmart.tlog\custombuild.write.1.tlog
c:\users\jaebumlee\source\repos\wordsmart\wordsmart\wordsmart\x64\debug\wordsmart.tlog\link-cvtres.read.1.tlog
c:\users\jaebumlee\source\repos\wordsmart\wordsmart\wordsmart\x64\debug\wordsmart.tlog\link-cvtres.write.1.tlog
c:\users\jaebumlee\source\repos\wordsmart\wordsmart\wordsmart\x64\debug\wordsmart.tlog\link-rc.read.1.tlog
c:\users\jaebumlee\source\repos\wordsmart\wordsmart\wordsmart\x64\debug\wordsmart.tlog\link-rc.write.1.tlog
c:\users\jaebumlee\source\repos\wordsmart\wordsmart\wordsmart\x64\debug\wordsmart.tlog\link.command.1.tlog
c:\users\jaebumlee\source\repos\wordsmart\wordsmart\wordsmart\x64\debug\wordsmart.tlog\link.read.1.tlog
c:\users\jaebumlee\source\repos\wordsmart\wordsmart\wordsmart\x64\debug\wordsmart.tlog\link.write.1.tlog
