c:\users\jaebumlee\source\repos\wordsmart\wordsmart\wordsmart\x64\release\wordsmart.obj
c:\users\jaebumlee\source\repos\wordsmart\wordsmart\wordsmart\x64\release\main.obj
c:\users\jaebumlee\source\repos\wordsmart\wordsmart\wordsmart\x64\release\moc_wordsmart.obj
c:\users\jaebumlee\source\repos\wordsmart\wordsmart\wordsmart\x64\release\moc_words.obj
c:\users\jaebumlee\source\repos\wordsmart\wordsmart\wordsmart\x64\release\moc_def_notify.obj
c:\users\jaebumlee\source\repos\wordsmart\wordsmart\wordsmart\x64\release\def_notify.obj
c:\users\jaebumlee\source\repos\wordsmart\wordsmart\wordsmart\x64\release\qrc_wordsmart.obj
c:\users\jaebumlee\source\repos\wordsmart\wordsmart\wordsmart\generatedfiles\ui_wordsmart.h
c:\users\jaebumlee\source\repos\wordsmart\wordsmart\wordsmart\generatedfiles\release\moc_def_notify.cpp
c:\users\jaebumlee\source\repos\wordsmart\wordsmart\wordsmart\generatedfiles\qrc_wordsmart.cpp
c:\users\jaebumlee\source\repos\wordsmart\wordsmart\wordsmart\generatedfiles\ui_def_notify.h
c:\users\jaebumlee\source\repos\wordsmart\wordsmart\wordsmart\generatedfiles\release\moc_wordsmart.cpp
c:\users\jaebumlee\source\repos\wordsmart\wordsmart\wordsmart\generatedfiles\release\moc_words.cpp
c:\users\jaebumlee\source\repos\wordsmart\wordsmart\wordsmart\x64\release\wordsmart.tlog\cl.command.1.tlog
c:\users\jaebumlee\source\repos\wordsmart\wordsmart\wordsmart\x64\release\wordsmart.tlog\cl.read.1.tlog
c:\users\jaebumlee\source\repos\wordsmart\wordsmart\wordsmart\x64\release\wordsmart.tlog\cl.write.1.tlog
c:\users\jaebumlee\source\repos\wordsmart\wordsmart\wordsmart\x64\release\wordsmart.tlog\custombuild.command.1.tlog
c:\users\jaebumlee\source\repos\wordsmart\wordsmart\wordsmart\x64\release\wordsmart.tlog\custombuild.read.1.tlog
c:\users\jaebumlee\source\repos\wordsmart\wordsmart\wordsmart\x64\release\wordsmart.tlog\custombuild.write.1.tlog
c:\users\jaebumlee\source\repos\wordsmart\wordsmart\wordsmart\x64\release\wordsmart.tlog\link-cvtres.read.1.tlog
c:\users\jaebumlee\source\repos\wordsmart\wordsmart\wordsmart\x64\release\wordsmart.tlog\link-cvtres.write.1.tlog
c:\users\jaebumlee\source\repos\wordsmart\wordsmart\wordsmart\x64\release\wordsmart.tlog\link-rc.read.1.tlog
c:\users\jaebumlee\source\repos\wordsmart\wordsmart\wordsmart\x64\release\wordsmart.tlog\link-rc.write.1.tlog
c:\users\jaebumlee\source\repos\wordsmart\wordsmart\wordsmart\x64\release\wordsmart.tlog\link.command.1.tlog
c:\users\jaebumlee\source\repos\wordsmart\wordsmart\wordsmart\x64\release\wordsmart.tlog\link.read.1.tlog
c:\users\jaebumlee\source\repos\wordsmart\wordsmart\wordsmart\x64\release\wordsmart.tlog\link.write.1.tlog
